<?xml version="1.0" encoding="UTF-8"?>
<testng-results ignored="0" total="1" passed="1" failed="0" skipped="0">
  <reporter-output>
  </reporter-output>
  <suite started-at="2025-03-26T10:51:48 IST" name="Default suite" finished-at="2025-03-26T10:51:48 IST" duration-ms="108">
    <groups>
    </groups>
    <test started-at="2025-03-26T10:51:48 IST" name="Default test" finished-at="2025-03-26T10:51:48 IST" duration-ms="108">
      <class name="contact.CreateCon">
        <test-method signature="createCon()[pri:0, instance:contact.CreateCon@595b007d]" started-at="2025-03-26T10:51:48 IST" name="createCon" finished-at="2025-03-26T10:51:48 IST" duration-ms="29" status="PASS">
          <reporter-output>
          </reporter-output>
        </test-method> <!-- createCon -->
      </class> <!-- contact.CreateCon -->
    </test> <!-- Default test -->
  </suite> <!-- Default suite -->
</testng-results>
