<?xml version="1.0" encoding="UTF-8"?>
<testng-results ignored="0" total="1" passed="1" failed="0" skipped="0">
  <reporter-output>
  </reporter-output>
  <suite started-at="2025-03-26T10:14:00 IST" name="Default suite" finished-at="2025-03-26T10:14:00 IST" duration-ms="65">
    <groups>
    </groups>
    <test started-at="2025-03-26T10:14:00 IST" name="Default test" finished-at="2025-03-26T10:14:00 IST" duration-ms="65">
      <class name="org.CreateOrgTest">
        <test-method signature="createOrg()[pri:0, instance:org.CreateOrgTest@595b007d]" started-at="2025-03-26T10:14:00 IST" name="createOrg" finished-at="2025-03-26T10:14:00 IST" duration-ms="15" status="PASS">
          <reporter-output>
          </reporter-output>
        </test-method> <!-- createOrg -->
      </class> <!-- org.CreateOrgTest -->
    </test> <!-- Default test -->
  </suite> <!-- Default suite -->
</testng-results>
